<?xml version="1.0" encoding="UTF-8"?>
<!-- Generated by org.testng.reporters.JUnitXMLReporter -->
<testsuite ignored="0" hostname="Ezypc" failures="0" tests="4" name="Test" time="0.069" errors="0" timestamp="08 Jan 2023 19:51:18 GMT">
  <testcase classname="testCases.TestCase1" name="test_login" time="0.015"/>
  <testcase classname="testCases.TestCase2" name="test_search" time="0.002"/>
  <testcase classname="testCases.TestCase1" name="test_logout" time="0.001"/>
  <testcase classname="testCases.TestCase2" name="test_advSearch" time="0.009"/>
</testsuite> <!-- Test -->
