<?xml version="1.0" encoding="UTF-8"?>
<testng-results ignored="0" total="4" passed="4" failed="0" skipped="0">
  <reporter-output>
  </reporter-output>
  <suite started-at="2023-01-08T19:51:18Z" name="Suite" finished-at="2023-01-08T19:51:18Z" duration-ms="69">
    <groups>
    </groups>
    <test started-at="2023-01-08T19:51:18Z" name="Test" finished-at="2023-01-08T19:51:18Z" duration-ms="69">
      <class name="testCases.TestCase1">
        <test-method signature="test_login()[pri:1, instance:testCases.TestCase1@1a6d8329]" started-at="2023-01-08T19:51:18Z" name="test_login" finished-at="2023-01-08T19:51:18Z" duration-ms="15" status="PASS">
          <reporter-output>
          </reporter-output>
        </test-method> <!-- test_login -->
        <test-method signature="test_logout()[pri:2, instance:testCases.TestCase1@1a6d8329]" started-at="2023-01-08T19:51:18Z" name="test_logout" finished-at="2023-01-08T19:51:18Z" duration-ms="1" status="PASS">
          <reporter-output>
          </reporter-output>
        </test-method> <!-- test_logout -->
      </class> <!-- testCases.TestCase1 -->
      <class name="testCases.TestCase2">
        <test-method signature="test_search()[pri:1, instance:testCases.TestCase2@1a942c18]" started-at="2023-01-08T19:51:18Z" name="test_search" finished-at="2023-01-08T19:51:18Z" duration-ms="2" status="PASS">
          <reporter-output>
          </reporter-output>
        </test-method> <!-- test_search -->
        <test-method signature="test_advSearch()[pri:2, instance:testCases.TestCase2@1a942c18]" started-at="2023-01-08T19:51:18Z" name="test_advSearch" finished-at="2023-01-08T19:51:18Z" duration-ms="9" status="PASS">
          <reporter-output>
          </reporter-output>
        </test-method> <!-- test_advSearch -->
      </class> <!-- testCases.TestCase2 -->
    </test> <!-- Test -->
  </suite> <!-- Suite -->
</testng-results>
